
============================= FUBAR v1.0 ============================

This file will perform a Fast Unbiased AppRoximate Bayesian (FUBAR)
analysis of a coding sequence alignment to determine whether some
sites have been subject to pervasive purifying or diversifying
selection. For details of the method and explanations of various
settings, please see http://www.hyphy.org/wiki/FUBAR

Please note that a FUBAR analysis generates many files in the same
directory as the original alignment. HyPhy needs to have write
privileges to this directory. For example if the original file is in
/home/sergei/FUBAR/data/pol.nex then at the end of a FUBAR run, there
will also exist files such as /home/sergei/FUBAR/data/pol.nex.samples,
/home/sergei/FUBAR/data/pol.nex.gridInfo etc. Many of these files can
be further examined for diagnostic and other purposes. They also
provide checkpointing so that a partially completed analysis can be
restarted.

=====================================================================

How many datafiles are to be analyzed (>=1):?1

Reading input file 1/1

121 species:{CY183033, KF790167, CY141176, KF790356, CY168295, CY169527, CY148436, CY183185, CY134780, KF790361, KF789618, KF789614, KF789613, CY183225, CY135044, CY170991, CY171119, CY134812, CY182945, CY168663, CY182737, CY186123, CY134828, CY183177, KF789701, CY135060, KF790316, CY148596, CY149084, CY168871, CY171351, KF789714, CY170799, CY135124, CY171631, CY148364, CY141230, CY168887, CY134740, CY169023, CY182889, CY135132, KF790378, KF886340, KF790049, CY141213, CY183113, CY134764, CY168063, CY182777, KF886357, KF886358, CY186075, CY171303, CY170767, CY171639, CY170543, CY141264, KF790448, KF790286, CY149260, CY171407, KF199858, KF789752, CY170911, CY170591, KF790064, CY141279, CY171583, CY134788, CY169807, CY186051, CY186059, CY183241, CY171055, CY134956, CY186235, CY170879, KF789780, KF790011, CY170967, CY170647, KF886303, KF886305, CY171335, CY171199, KF199854, CY141252, CY170479, KF789569, CY186035, CY182793, CY171071, CY183153, CY182809, CY169199, CY134844, CY183049, KF789871, KF790106, CY183081, CY141280, CY134686, CY186027, CY168583, KF789535, CY170719, CY170823, KF789998, KF790345, CY186019, CY171231, KF789547, CY169535, CY168599, CY183193, CY147297, CY147295, CY168759, CY148348, CY182865};
Total Sites:1698;
Distinct Sites:161

A tree was found in the data file:
(KF790049:0.001255,((((((((CY134956:0.000624,CY183153:0.000624):0.0,(CY186123:0.000624,CY186051:0.000624):0.0):0.0,(((CY182809:0.000624,(((CY148436:0.0,CY168583:0.000624):0.0,CY170911:0.000624):0.0,KF789547:0.00125):0.000624):0.0,(CY186019:0.000625,(CY182889:0.000624,CY135132:0.0):0.00125):0.000624):0.0,((CY170799:0.001249,CY149260:0.000624):0.0,((CY134686:0.0,(CY168887:0.000625,KF790064:0.001249):0.0):0.000625,CY169023:0.000625):0.000624):0.0):0.0):0.0,((((CY183049:0.000624,((KF789535:0.001876,CY134740:0.000624):0.0,KF790356:0.000624):0.0):0.0,(((((CY182737:0.000624,(CY168663:0.001879,KF789752:0.001253):0.000623):0.0,(CY186059:0.000624,CY183193:0.001249):0.000625):0.0,CY141264:0.000624):0.0,CY183113:0.000624):0.0,(((CY183241:0.000624,((((CY134828:0.0,KF199858:0.000625):0.0,(CY135124:0.000624,(CY134780:0.000624,CY168871:0.001249):0.0):0.0):0.0,CY135060:0.000624):0.0,KF789614:0.000624):0.0):0.000624,CY183033:0.000626):0.0,(CY168599:0.001249,(CY168063:0.0,(CY148364:0.000624,CY148596:0.000624):0.0):0.0):0.001248):0.0):0.0):0.0,CY134844:0.0):0.0,CY182865:0.000624):0.0):0.0,CY183185:0.000624):0.0,((((((CY186035:0.001249,CY183081:0.000624):0.0,CY135044:0.000624):0.0,KF789780:0.0):0.0,CY182793:0.000624):0.000624,((CY186235:0.002501,(CY134788:0.0,((((((CY170479:0.001265,KF790106:0.0):0.000624,CY141230:0.000624):0.0,(CY149084:0.0,CY169199:0.001249):0.001249):0.0,(KF789618:0.000624,CY141176:0.00125):0.0):0.0,(KF790361:0.000624,(CY141213:0.000625,(CY170647:0.000624,((((KF790316:0.000625,CY169535:0.000624):0.000624,CY170967:0.000624):0.0,(CY169527:0.000624,CY148348:0.0):0.000624):0.0,(CY168759:0.000624,CY170767:0.0):0.0):0.0):0.000624):0.0):0.0):0.0,CY141280:0.000625):0.000624):0.000625):0.0,CY182777:0.000623):0.0):0.0,((KF790448:0.000624,(CY183225:0.000625,CY134764:0.0):0.0):0.000624,(((KF790345:0.000624,(((CY182945:0.000624,CY186075:0.0):0.0,(KF790011:0.0,CY147297:0.000624):0.001249):0.0,(KF886358:0.001249,KF789871:0.003135):0.0):0.0):0.000624,((((KF790286:0.001248,(CY170991:0.0,CY171303:0.000624):0.0):0.00125,(KF886340:0.001879,CY147295:0.000627):0.001255):0.0,(CY168295:0.001256,(CY183177:0.001878,CY170543:0.000625):0.000626):0.000623):0.0,(((CY170719:0.001249,KF789613:0.001249):0.0,KF886303:0.000624):0.0,((KF886305:0.000624,(KF199854:0.001249,CY169807:0.001249):0.0):0.0,((KF790378:0.000624,(CY170823:0.001249,(CY170879:0.000624,CY170591:0.000624):0.0):0.001875):0.0,KF789701:0.000624):0.0):0.0):0.0):0.0):0.0,((CY171119:0.0,CY171199:0.00125):0.000624,(((((CY171631:0.001249,CY171407:0.000624):0.0,CY171639:0.00125):0.0,CY171055:0.000624):0.0,CY171351:0.000625):0.0,((CY141252:0.001876,(CY171583:0.000625,CY171231:0.000624):0.0):0.0,KF789998:0.0):0.0):0.0):0.001249):0.000624):0.0):0.0):0.0,(((KF790167:0.0,KF789569:0.000624):0.000624,(KF789714:0.000623,(CY134812:0.0,CY141279:0.000625):0.0):0.000624):0.0,(KF886357:0.000625,(CY171335:0.000624,CY171071:0.0):0.001877):0.001252):0.0):0.0,CY186027:0.000624):0.000626)

Would you like to use it:(Y/N)?Y




FUBAR will write intermediate and result files to
/Users/sjspielman/Research/book-chapter-2017/datasets/shallow.dat.extension

[FUBAR PHASE 1] Optimizing relative branch lengths under the nucleotide REV model
[FUBAR PHASE 1 FINISHED] log(L) = -3884.94806849546
	Length of tree 1 (substitutions/site) = 0.1090714868677621
[DIAGNOSTIC] FUBAR wrote the self-contained nucleotide fit file to /Users/sjspielman/Research/book-chapter-2017/datasets/shallow.dat.gtr_fit


<<Number of grid points per dimension (total number is D^2) (permissible range = [5,50], default value = 20, integer)>>20
[DIAGNOSTIC] FUBAR will use a 20X20 grid
/Users/sjspielman/Research/book-chapter-2017/datasets/shallow.dat.gtr_fit
/Users/sjspielman/Research/book-chapter-2017/datasets/shallow.dat.codon_fit
/Users/sjspielman/Research/book-chapter-2017/datasets/shallow.dat.grid_info
20
[FUBAR PHASE 2] Determining appropriate branch scaling using the 20X20 grid points.
	Best scaling achieved for dN/dS =  0.29.
	Computing site-by-site likelihoods at 20X20 grid points
	Finished with likelihood calculations. Achieved throughput of  23.53 calculations/second
[DIAGNOSTIC] FUBAR wrote the self-contained codon fit file to /Users/sjspielman/Research/book-chapter-2017/datasets/shallow.dat.codon_fit
[DIAGNOSTIC] FUBAR wrote the the site likelihoods file to /Users/sjspielman/Research/book-chapter-2017/datasets/shallow.dat.grid_info


<<Number of MCMC chains to run (permissible range = [2,20], default value = 5, integer)>>5
[DIAGNOSTIC] FUBAR will use run 5 independent chains
<<The length of each chain (permissible range = [500000,100000000], default value = 2000000, integer)>>2000000
[DIAGNOSTIC] FUBAR will run the chains for 2000000 steps
<<Discard this many samples as burn-in (permissible range = [100000,1900000], default value = 1000000, integer)>>1000000
[DIAGNOSTIC] FUBAR will run discard 1000000 steps as burn-in
<<How many samples should be drawn from each chain (permissible range = [10,1000000], default value = 100, integer)>>100
[DIAGNOSTIC] FUBAR will run thin each chain down to 100 samples
<<The concentration parameter of the Dirichlet prior (permissible range = [0.001,1], default value = 0.5)>>0.5
[DIAGNOSTIC] FUBAR will use the Dirichlet prior concentration parameter of 0.5
/Users/sjspielman/Research/book-chapter-2017/datasets/shallow.dat.samples
/Users/sjspielman/Research/book-chapter-2017/datasets/shallow.dat.grid_info
5
2000000
1000000
100
0.5

[FUBAR PHASE 3] Running an MCMC chain (ID 0) to obtain a posterior sample of grid point weights: 2000000 total steps, of which 1000000 will be discarded as burn-in, and sampling every 10000 steps. Dirichlet prior concentration parameter = 0.5.

[FUBAR PHASE 3] Running an MCMC chain (ID 1) to obtain a posterior sample of grid point weights: 2000000 total steps, of which 1000000 will be discarded as burn-in, and sampling every 10000 steps. Dirichlet prior concentration parameter = 0.5.

[FUBAR PHASE 3] Running an MCMC chain (ID 2) to obtain a posterior sample of grid point weights: 2000000 total steps, of which 1000000 will be discarded as burn-in, and sampling every 10000 steps. Dirichlet prior concentration parameter = 0.5.

[FUBAR PHASE 3] Running an MCMC chain (ID 3) to obtain a posterior sample of grid point weights: 2000000 total steps, of which 1000000 will be discarded as burn-in, and sampling every 10000 steps. Dirichlet prior concentration parameter = 0.5.

[FUBAR PHASE 3] Running an MCMC chain (ID 4) to obtain a posterior sample of grid point weights: 2000000 total steps, of which 1000000 will be discarded as burn-in, and sampling every 10000 steps. Dirichlet prior concentration parameter = 0.5.

[FUBAR PHASE 3 DONE] Finished running the MCMC chains; drew 5x100 samples from chains of length 2000000 after discarding 1000000 burn-in steps. Achieved throughput of  33333 moves/sec.

[DIAGNOSTIC] FUBAR wrote samples from 5 independent chains to /Users/sjspielman/Research/book-chapter-2017/datasets/shallow.dat.samples[0-4]


/Users/sjspielman/Research/book-chapter-2017/datasets/shallow.dat.gtr_fit
/Users/sjspielman/Research/book-chapter-2017/datasets/shallow.dat.grid_info
/Users/sjspielman/Research/book-chapter-2017/datasets/shallow.dat.samples
5
/Users/sjspielman/Research/book-chapter-2017/datasets/shallow.dat.fubar.csv
/Users/sjspielman/Research/book-chapter-2017/datasets/shallow.dat.sim_codon_fit
/Users/sjspielman/Research/book-chapter-2017/datasets/shallow.dat.sim_grid_info
/Users/sjspielman/Research/book-chapter-2017/datasets/shallow.dat.codon_fit

[DIAGNOSTIC] FUBAR wrote the results of its analysis to /Users/sjspielman/Research/book-chapter-2017/datasets/shallow.dat.fubar.csv

[RESULTS] At posterior probability >= 0.9 there were 3 sites under diversifying positive selection, of which  0.14 [0 - 1] are expected to be false positives.

Codon	Prob[dN/dS>1]	EBF[dN/dS]>1	PSRF	N_eff
241	0.9899490247888011	183.1012947493898	1.013594238117332	137.44756843149
49	0.9556892898985296	40.09542250434066	1.004683149970903	260.3095115640177
19	0.9161404843853045	20.30937275400903	1.00422070971392	273.1584755205359

